2026-04-28 20:07:35.265 [background-preinit] INFO  o.h.validator.internal.util.Version - HV000001: Hibernate Validator 8.0.1.Final
2026-04-28 20:07:35.333 [main] INFO  c.e.a.AdminServiceApplication - Starting AdminServiceApplication using Java 17.0.17 with PID 55000 (C:\Users\xiexi\restaurant_management_system\admin-service\target\classes started by xiexi in C:\Users\xiexi\restaurant_management_system\admin-service)
2026-04-28 20:07:35.335 [main] INFO  c.e.a.AdminServiceApplication - No active profile set, falling back to 1 default profile: "default"
2026-04-28 20:07:36.361 [main] INFO  o.s.d.r.c.RepositoryConfigurationDelegate - Bootstrapping Spring Data JPA repositories in DEFAULT mode.
2026-04-28 20:07:36.582 [main] INFO  o.s.d.r.c.RepositoryConfigurationDelegate - Finished Spring Data repository scanning in 210 ms. Found 7 JPA repository interfaces.
2026-04-28 20:07:36.949 [main] INFO  o.s.cloud.context.scope.GenericScope - BeanFactory id=3c16b76b-9a5d-3fe1-95e8-4466e0e2bb44
2026-04-28 20:07:37.580 [main] INFO  o.s.b.w.e.tomcat.TomcatWebServer - Tomcat initialized with port(s): 8082 (http)
2026-04-28 20:07:37.591 [main] INFO  o.a.coyote.http11.Http11NioProtocol - Initializing ProtocolHandler ["http-nio-8082"]
2026-04-28 20:07:37.594 [main] INFO  o.a.catalina.core.StandardService - Starting service [Tomcat]
2026-04-28 20:07:37.594 [main] INFO  o.a.catalina.core.StandardEngine - Starting Servlet engine: [Apache Tomcat/10.1.17]
2026-04-28 20:07:37.753 [main] INFO  o.a.c.c.C.[Tomcat].[localhost].[/] - Initializing Spring embedded WebApplicationContext
2026-04-28 20:07:37.754 [main] INFO  o.s.b.w.s.c.ServletWebServerApplicationContext - Root WebApplicationContext: initialization completed in 2347 ms
2026-04-28 20:07:37.809 [main] INFO  com.zaxxer.hikari.HikariDataSource - HikariPool-1 - Starting...
2026-04-28 20:07:38.077 [main] INFO  com.zaxxer.hikari.pool.HikariPool - HikariPool-1 - Added connection conn0: url=jdbc:h2:mem:admindb user=SA
2026-04-28 20:07:38.080 [main] INFO  com.zaxxer.hikari.HikariDataSource - HikariPool-1 - Start completed.
2026-04-28 20:07:38.097 [main] INFO  o.s.b.a.h.H2ConsoleAutoConfiguration - H2 console available at '/h2-console'. Database available at 'jdbc:h2:mem:admindb'
2026-04-28 20:07:38.255 [main] INFO  o.h.jpa.internal.util.LogHelper - HHH000204: Processing PersistenceUnitInfo [name: default]
2026-04-28 20:07:38.319 [main] INFO  org.hibernate.Version - HHH000412: Hibernate ORM core version 6.2.17.Final
2026-04-28 20:07:38.324 [main] INFO  org.hibernate.cfg.Environment - HHH000406: Using bytecode reflection optimizer
2026-04-28 20:07:38.653 [main] INFO  o.s.o.j.p.SpringPersistenceUnitInfo - No LoadTimeWeaver setup: ignoring JPA class transformer
2026-04-28 20:07:40.462 [main] INFO  o.h.e.t.j.p.i.JtaPlatformInitiator - HHH000489: No JTA platform available (set 'hibernate.transaction.jta.platform' to enable JTA platform integration)
2026-04-28 20:07:40.638 [main] INFO  o.s.o.j.LocalContainerEntityManagerFactoryBean - Initialized JPA EntityManagerFactory for persistence unit 'default'
2026-04-28 20:07:41.634 [main] WARN  o.s.b.a.o.j.JpaBaseConfiguration$JpaWebConfiguration - spring.jpa.open-in-view is enabled by default. Therefore, database queries may be performed during view rendering. Explicitly configure spring.jpa.open-in-view to disable this warning
2026-04-28 20:07:41.959 [main] INFO  o.s.s.web.DefaultSecurityFilterChain - Will secure any request with [org.springframework.security.web.session.DisableEncodeUrlFilter@cbd9494, org.springframework.security.web.context.request.async.WebAsyncManagerIntegrationFilter@45594dfe, org.springframework.security.web.context.SecurityContextHolderFilter@236bb278, org.springframework.security.web.header.HeaderWriterFilter@3979c6e8, org.springframework.security.web.authentication.logout.LogoutFilter@38f2342b, com.example.adminservice.security.JwtAuthenticationFilter@72e4ffa2, org.springframework.security.web.savedrequest.RequestCacheAwareFilter@3eb29382, org.springframework.security.web.servletapi.SecurityContextHolderAwareRequestFilter@7306836f, org.springframework.security.web.authentication.AnonymousAuthenticationFilter@5f67ff3e, org.springframework.security.web.session.SessionManagementFilter@4c5d1649, org.springframework.security.web.access.ExceptionTranslationFilter@320ca97c, org.springframework.security.web.access.intercept.AuthorizationFilter@60052518]
2026-04-28 20:07:42.636 [main] INFO  o.s.c.n.e.c.DiscoveryClientOptionalArgsConfiguration - Eureka HTTP Client uses RestTemplate.
2026-04-28 20:07:42.973 [main] WARN  o.s.c.l.c.LoadBalancerCacheAutoConfiguration$LoadBalancerCaffeineWarnLogger - Spring Cloud LoadBalancer is currently working with the default cache. While this cache implementation is useful for development and tests, it's recommended to use Caffeine cache in production.You can switch to using Caffeine cache, by adding it and org.springframework.cache.caffeine.CaffeineCacheManager to the classpath.
2026-04-28 20:07:43.008 [main] INFO  o.s.c.n.eureka.InstanceInfoFactory - Setting initial instance status as: STARTING
2026-04-28 20:07:43.120 [main] INFO  c.netflix.discovery.DiscoveryClient - Initializing Eureka in region us-east-1
2026-04-28 20:07:43.127 [main] INFO  c.n.d.s.r.aws.ConfigClusterResolver - Resolving eureka endpoints via configuration
2026-04-28 20:07:43.188 [main] INFO  c.netflix.discovery.DiscoveryClient - Disable delta property : false
2026-04-28 20:07:43.188 [main] INFO  c.netflix.discovery.DiscoveryClient - Single vip registry refresh property : null
2026-04-28 20:07:43.188 [main] INFO  c.netflix.discovery.DiscoveryClient - Force full registry fetch : false
2026-04-28 20:07:43.189 [main] INFO  c.netflix.discovery.DiscoveryClient - Application is null : false
2026-04-28 20:07:43.189 [main] INFO  c.netflix.discovery.DiscoveryClient - Registered Applications size is zero : true
2026-04-28 20:07:43.189 [main] INFO  c.netflix.discovery.DiscoveryClient - Application version is -1: true
2026-04-28 20:07:43.190 [main] INFO  c.netflix.discovery.DiscoveryClient - Getting all instance registry info from the eureka server
2026-04-28 20:07:44.319 [main] INFO  c.netflix.discovery.DiscoveryClient - The response status is 200
2026-04-28 20:07:44.323 [main] INFO  c.netflix.discovery.DiscoveryClient - Starting heartbeat executor: renew interval is: 30
2026-04-28 20:07:44.333 [main] INFO  c.n.discovery.InstanceInfoReplicator - InstanceInfoReplicator onDemand update allowed rate per min is 4
2026-04-28 20:07:44.366 [main] INFO  c.netflix.discovery.DiscoveryClient - Discovery Client initialized at timestamp 1777432064360 with initial instances count: 0
2026-04-28 20:07:44.371 [main] INFO  o.s.c.n.e.s.EurekaServiceRegistry - Registering application ADMIN-SERVICE with eureka with status UP
2026-04-28 20:07:44.373 [main] INFO  c.netflix.discovery.DiscoveryClient - Saw local status change event StatusChangeEvent [timestamp=1777432064373, current=UP, previous=STARTING]
2026-04-28 20:07:44.377 [main] INFO  o.a.coyote.http11.Http11NioProtocol - Starting ProtocolHandler ["http-nio-8082"]
2026-04-28 20:07:44.377 [DiscoveryClient-InstanceInfoReplicator-0] INFO  c.netflix.discovery.DiscoveryClient - DiscoveryClient_ADMIN-SERVICE/host.docker.internal:admin-service:8082: registering service...
2026-04-28 20:07:44.425 [main] INFO  o.s.b.w.e.tomcat.TomcatWebServer - Tomcat started on port(s): 8082 (http) with context path ''
2026-04-28 20:07:44.427 [main] INFO  o.s.c.n.e.s.EurekaAutoServiceRegistration - Updating port to 8082
2026-04-28 20:07:44.581 [DiscoveryClient-InstanceInfoReplicator-0] INFO  c.netflix.discovery.DiscoveryClient - DiscoveryClient_ADMIN-SERVICE/host.docker.internal:admin-service:8082 - registration status: 204
2026-04-28 20:07:44.654 [main] INFO  c.e.a.AdminServiceApplication - Started AdminServiceApplication in 10.253 seconds (process running for 10.757)
2026-04-28 20:08:14.325 [DiscoveryClient-CacheRefreshExecutor-0] INFO  c.netflix.discovery.DiscoveryClient - Disable delta property : false
2026-04-28 20:08:14.327 [DiscoveryClient-CacheRefreshExecutor-0] INFO  c.netflix.discovery.DiscoveryClient - Single vip registry refresh property : null
2026-04-28 20:08:14.328 [DiscoveryClient-CacheRefreshExecutor-0] INFO  c.netflix.discovery.DiscoveryClient - Force full registry fetch : false
2026-04-28 20:08:14.329 [DiscoveryClient-CacheRefreshExecutor-0] INFO  c.netflix.discovery.DiscoveryClient - Application is null : false
2026-04-28 20:08:14.329 [DiscoveryClient-CacheRefreshExecutor-0] INFO  c.netflix.discovery.DiscoveryClient - Registered Applications size is zero : true
2026-04-28 20:08:14.329 [DiscoveryClient-CacheRefreshExecutor-0] INFO  c.netflix.discovery.DiscoveryClient - Application version is -1: false
2026-04-28 20:08:14.330 [DiscoveryClient-CacheRefreshExecutor-0] INFO  c.netflix.discovery.DiscoveryClient - Getting all instance registry info from the eureka server
2026-04-28 20:08:14.368 [DiscoveryClient-CacheRefreshExecutor-0] INFO  c.netflix.discovery.DiscoveryClient - The response status is 200
2026-04-28 20:09:25.183 [http-nio-8082-exec-2] INFO  o.a.c.c.C.[Tomcat].[localhost].[/] - Initializing Spring DispatcherServlet 'dispatcherServlet'
2026-04-28 20:09:25.183 [http-nio-8082-exec-2] INFO  o.s.web.servlet.DispatcherServlet - Initializing Servlet 'dispatcherServlet'
2026-04-28 20:09:25.200 [http-nio-8082-exec-2] INFO  o.s.web.servlet.DispatcherServlet - Completed initialization in 16 ms
2026-04-28 20:09:32.873 [http-nio-8082-exec-5] INFO  c.e.a.service.MenuItemService - Fetching all menu items
2026-04-28 20:09:33.237 [http-nio-8082-exec-3] INFO  c.e.a.service.MenuItemService - Creating new menu item for restaurantId: 1
2026-04-28 20:09:33.407 [http-nio-8082-exec-7] INFO  c.e.a.service.MenuItemService - Updating menu item with id: 4
2026-04-28 20:09:33.576 [http-nio-8082-exec-8] INFO  c.e.a.service.MenuItemService - Fetching menu item by id: 4
2026-04-28 20:09:33.719 [http-nio-8082-exec-9] INFO  c.e.a.service.DiningTableService - Fetching all dining tables
2026-04-28 20:09:33.853 [http-nio-8082-exec-10] INFO  c.e.a.service.DiningTableService - Creating new dining table for restaurantId: 1
2026-04-28 20:09:33.980 [http-nio-8082-exec-1] INFO  c.e.a.service.DiningTableService - Updating status of table 4 to OCCUPIED
2026-04-28 20:09:34.087 [http-nio-8082-exec-2] INFO  c.e.a.service.DiningTableService - Updating status of table 4 to AVAILABLE
2026-04-28 20:09:34.217 [http-nio-8082-exec-6] INFO  c.e.a.service.DiningTableService - Fetching dining table by id: 4
2026-04-28 20:09:34.353 [http-nio-8082-exec-4] INFO  c.e.a.service.ReservationService - Creating new reservation for tableId: 1 and customerId: 1
2026-04-28 20:09:34.565 [http-nio-8082-exec-5] INFO  c.e.a.service.ReservationService - Fetching reservation by id: 3
2026-04-28 20:09:34.670 [http-nio-8082-exec-3] INFO  c.e.a.service.ReservationService - Creating new reservation for tableId: 1 and customerId: 2
2026-04-28 20:09:34.843 [http-nio-8082-exec-7] INFO  c.e.a.service.DiningTableService - Fetching all dining tables
2026-04-28 20:09:34.987 [http-nio-8082-exec-8] INFO  c.e.a.service.MenuItemService - Fetching all menu items
2026-04-28 20:09:35.316 [http-nio-8082-exec-9] INFO  c.e.a.service.DiningTableService - Fetching dining table by id: 2
2026-04-28 20:09:35.381 [http-nio-8082-exec-10] INFO  c.e.a.service.MenuItemService - Fetching menu item by id: 1
2026-04-28 20:09:35.402 [http-nio-8082-exec-1] INFO  c.e.a.service.MenuItemService - Fetching menu item by id: 3
2026-04-28 20:10:18.610 [http-nio-8082-exec-6] INFO  c.e.a.service.RestaurantService - Fetching all restaurants
2026-04-28 20:10:18.640 [http-nio-8082-exec-4] INFO  c.e.a.service.RestaurantService - Fetching all restaurants
2026-04-28 20:10:25.068 [http-nio-8082-exec-5] INFO  c.e.a.service.DiningTableService - Fetching all dining tables
2026-04-28 20:10:25.116 [http-nio-8082-exec-3] INFO  c.e.a.service.DiningTableService - Fetching all dining tables
2026-04-28 20:10:26.539 [http-nio-8082-exec-7] INFO  c.e.a.service.MenuItemService - Fetching all menu items
2026-04-28 20:10:26.588 [http-nio-8082-exec-8] INFO  c.e.a.service.MenuItemService - Fetching all menu items
2026-04-28 20:10:27.994 [http-nio-8082-exec-9] INFO  c.e.a.service.RestaurantService - Fetching all restaurants
2026-04-28 20:10:28.019 [http-nio-8082-exec-10] INFO  c.e.a.service.RestaurantService - Fetching all restaurants
2026-04-28 20:10:43.073 [http-nio-8082-exec-6] INFO  c.e.a.service.RestaurantService - Creating new restaurant: sunshine
2026-04-28 20:10:44.889 [http-nio-8082-exec-4] INFO  c.e.a.service.RestaurantService - Fetching all restaurants
2026-04-28 20:10:44.929 [http-nio-8082-exec-5] INFO  c.e.a.service.RestaurantService - Fetching all restaurants
2026-04-28 20:10:49.060 [http-nio-8082-exec-3] INFO  c.e.a.service.RestaurantService - Fetching restaurant by id: 2
2026-04-28 20:10:49.114 [http-nio-8082-exec-7] INFO  c.e.a.service.RestaurantService - Fetching restaurant by id: 2
2026-04-28 20:10:53.150 [http-nio-8082-exec-8] INFO  c.e.a.service.RestaurantService - Fetching all restaurants
2026-04-28 20:10:53.170 [http-nio-8082-exec-9] INFO  c.e.a.service.RestaurantService - Fetching all restaurants
2026-04-28 20:10:55.145 [http-nio-8082-exec-10] INFO  c.e.a.service.DiningTableService - Fetching all dining tables
2026-04-28 20:10:55.188 [http-nio-8082-exec-1] INFO  c.e.a.service.DiningTableService - Fetching all dining tables
2026-04-28 20:11:28.090 [http-nio-8082-exec-2] INFO  c.e.a.service.DiningTableService - Creating new dining table for restaurantId: 1
2026-04-28 20:11:29.750 [http-nio-8082-exec-6] INFO  c.e.a.service.DiningTableService - Fetching all dining tables
2026-04-28 20:11:29.797 [http-nio-8082-exec-4] INFO  c.e.a.service.DiningTableService - Fetching all dining tables
2026-04-28 20:11:31.436 [http-nio-8082-exec-5] INFO  c.e.a.service.DiningTableService - Fetching dining table by id: 5
2026-04-28 20:11:31.475 [http-nio-8082-exec-3] INFO  c.e.a.service.DiningTableService - Fetching dining table by id: 5
2026-04-28 20:11:37.922 [http-nio-8082-exec-7] INFO  c.e.a.service.DiningTableService - Updating status of table 5 to RESERVED
2026-04-28 20:11:39.200 [http-nio-8082-exec-8] INFO  c.e.a.service.DiningTableService - Fetching all dining tables
2026-04-28 20:11:39.228 [http-nio-8082-exec-9] INFO  c.e.a.service.DiningTableService - Fetching all dining tables
2026-04-28 20:11:42.555 [http-nio-8082-exec-10] INFO  c.e.a.service.MenuItemService - Fetching all menu items
2026-04-28 20:11:42.629 [http-nio-8082-exec-1] INFO  c.e.a.service.MenuItemService - Fetching all menu items
2026-04-28 20:11:56.227 [http-nio-8082-exec-2] INFO  c.e.a.service.MenuItemService - Fetching menu item by id: 1
2026-04-28 20:11:56.277 [http-nio-8082-exec-6] INFO  c.e.a.service.MenuItemService - Fetching menu item by id: 1
2026-04-28 20:12:00.693 [http-nio-8082-exec-4] INFO  c.e.a.service.MenuItemService - Updating menu item with id: 1
2026-04-28 20:12:00.763 [http-nio-8082-exec-5] INFO  c.e.a.service.MenuItemService - Fetching all menu items
2026-04-28 20:12:00.794 [http-nio-8082-exec-3] INFO  c.e.a.service.MenuItemService - Fetching all menu items
2026-04-28 20:12:17.793 [http-nio-8082-exec-7] INFO  c.e.a.service.MenuItemService - Creating new menu item for restaurantId: 1
2026-04-28 20:12:19.431 [http-nio-8082-exec-8] INFO  c.e.a.service.MenuItemService - Fetching all menu items
2026-04-28 20:12:19.472 [http-nio-8082-exec-9] INFO  c.e.a.service.MenuItemService - Fetching all menu items
2026-04-28 20:12:43.195 [AsyncResolver-bootstrap-executor-0] INFO  c.n.d.s.r.aws.ConfigClusterResolver - Resolving eureka endpoints via configuration
2026-04-28 20:14:36.053 [http-nio-8082-exec-10] INFO  c.e.a.service.DiningTableService - Fetching all dining tables
2026-04-28 20:14:43.250 [http-nio-8082-exec-1] INFO  c.e.a.service.DiningTableService - Fetching all dining tables
2026-04-28 20:14:59.241 [http-nio-8082-exec-2] INFO  c.e.a.service.DiningTableService - Fetching all dining tables
2026-04-28 20:15:06.098 [http-nio-8082-exec-6] INFO  c.e.a.service.DiningTableService - Fetching dining table by id: 2
2026-04-28 20:15:06.138 [http-nio-8082-exec-4] INFO  c.e.a.service.DiningTableService - Fetching dining table by id: 2
2026-04-28 20:15:27.017 [http-nio-8082-exec-5] INFO  c.e.a.service.DiningTableService - Fetching all dining tables
2026-04-28 20:15:38.483 [http-nio-8082-exec-3] INFO  c.e.a.service.DiningTableService - Fetching all dining tables
2026-04-28 20:15:42.335 [http-nio-8082-exec-7] INFO  c.e.a.service.DiningTableService - Fetching all dining tables
2026-04-28 20:16:15.185 [http-nio-8082-exec-8] INFO  c.e.a.service.DiningTableService - Fetching all dining tables
2026-04-28 20:16:40.956 [http-nio-8082-exec-9] INFO  c.e.a.service.DiningTableService - Fetching dining table by id: 2
2026-04-28 20:16:41.004 [http-nio-8082-exec-10] INFO  c.e.a.service.DiningTableService - Fetching dining table by id: 2
2026-04-28 20:17:13.011 [http-nio-8082-exec-1] INFO  c.e.a.service.MenuItemService - Fetching all menu items
2026-04-28 20:17:13.041 [http-nio-8082-exec-2] INFO  c.e.a.service.MenuItemService - Fetching all menu items
2026-04-28 20:17:43.198 [AsyncResolver-bootstrap-executor-0] INFO  c.n.d.s.r.aws.ConfigClusterResolver - Resolving eureka endpoints via configuration
2026-04-28 20:19:25.216 [http-nio-8082-exec-6] INFO  c.e.a.service.DiningTableService - Fetching dining table by id: 2
2026-04-28 20:19:42.307 [http-nio-8082-exec-4] INFO  c.e.a.service.DiningTableService - Fetching dining table by id: 2
2026-04-28 20:19:42.331 [http-nio-8082-exec-5] INFO  c.e.a.service.MenuItemService - Fetching menu item by id: 4
2026-04-28 20:22:43.205 [AsyncResolver-bootstrap-executor-0] INFO  c.n.d.s.r.aws.ConfigClusterResolver - Resolving eureka endpoints via configuration
2026-04-28 20:25:34.007 [http-nio-8082-exec-7] INFO  c.e.a.service.DiningTableService - Fetching dining table by id: 2
2026-04-28 20:25:34.051 [http-nio-8082-exec-8] INFO  c.e.a.service.DiningTableService - Fetching dining table by id: 2
2026-04-28 20:27:43.214 [AsyncResolver-bootstrap-executor-0] INFO  c.n.d.s.r.aws.ConfigClusterResolver - Resolving eureka endpoints via configuration
2026-04-28 20:32:43.220 [AsyncResolver-bootstrap-executor-0] INFO  c.n.d.s.r.aws.ConfigClusterResolver - Resolving eureka endpoints via configuration
2026-04-28 20:37:43.233 [AsyncResolver-bootstrap-executor-0] INFO  c.n.d.s.r.aws.ConfigClusterResolver - Resolving eureka endpoints via configuration
2026-04-28 20:39:43.173 [http-nio-8082-exec-9] INFO  c.e.a.service.DiningTableService - Fetching dining table by id: 2
2026-04-28 20:39:46.835 [http-nio-8082-exec-10] INFO  c.e.a.service.DiningTableService - Fetching dining table by id: 2
2026-04-28 20:39:51.476 [http-nio-8082-exec-1] INFO  c.e.a.service.DiningTableService - Fetching dining table by id: 2
2026-04-28 20:39:51.571 [http-nio-8082-exec-2] INFO  c.e.a.service.DiningTableService - Fetching dining table by id: 2
2026-04-28 20:42:43.246 [AsyncResolver-bootstrap-executor-0] INFO  c.n.d.s.r.aws.ConfigClusterResolver - Resolving eureka endpoints via configuration
2026-04-28 20:47:43.254 [AsyncResolver-bootstrap-executor-0] INFO  c.n.d.s.r.aws.ConfigClusterResolver - Resolving eureka endpoints via configuration
2026-04-28 20:52:43.261 [AsyncResolver-bootstrap-executor-0] INFO  c.n.d.s.r.aws.ConfigClusterResolver - Resolving eureka endpoints via configuration
2026-04-28 20:57:43.264 [AsyncResolver-bootstrap-executor-0] INFO  c.n.d.s.r.aws.ConfigClusterResolver - Resolving eureka endpoints via configuration
2026-04-28 21:02:43.278 [AsyncResolver-bootstrap-executor-0] INFO  c.n.d.s.r.aws.ConfigClusterResolver - Resolving eureka endpoints via configuration
2026-04-28 21:07:43.289 [AsyncResolver-bootstrap-executor-0] INFO  c.n.d.s.r.aws.ConfigClusterResolver - Resolving eureka endpoints via configuration
2026-04-28 21:12:43.298 [AsyncResolver-bootstrap-executor-0] INFO  c.n.d.s.r.aws.ConfigClusterResolver - Resolving eureka endpoints via configuration
2026-04-28 21:15:02.870 [http-nio-8082-exec-6] INFO  c.e.a.service.MenuItemService - Fetching all menu items
2026-04-28 21:15:03.045 [http-nio-8082-exec-4] INFO  c.e.a.service.MenuItemService - Fetching all menu items
2026-04-28 21:16:58.971 [http-nio-8082-exec-5] INFO  c.e.a.service.DiningTableService - Fetching all dining tables
2026-04-28 21:17:43.302 [AsyncResolver-bootstrap-executor-0] INFO  c.n.d.s.r.aws.ConfigClusterResolver - Resolving eureka endpoints via configuration
2026-04-28 21:22:43.307 [AsyncResolver-bootstrap-executor-0] INFO  c.n.d.s.r.aws.ConfigClusterResolver - Resolving eureka endpoints via configuration
2026-04-28 21:27:43.315 [AsyncResolver-bootstrap-executor-0] INFO  c.n.d.s.r.aws.ConfigClusterResolver - Resolving eureka endpoints via configuration
2026-04-28 21:32:43.328 [AsyncResolver-bootstrap-executor-0] INFO  c.n.d.s.r.aws.ConfigClusterResolver - Resolving eureka endpoints via configuration
2026-04-28 21:37:43.342 [AsyncResolver-bootstrap-executor-0] INFO  c.n.d.s.r.aws.ConfigClusterResolver - Resolving eureka endpoints via configuration
2026-04-28 21:42:09.510 [http-nio-8082-exec-3] INFO  c.e.a.service.MenuItemService - Fetching all menu items
2026-04-28 21:42:09.581 [http-nio-8082-exec-7] INFO  c.e.a.service.MenuItemService - Fetching all menu items
2026-04-28 21:42:43.347 [AsyncResolver-bootstrap-executor-0] INFO  c.n.d.s.r.aws.ConfigClusterResolver - Resolving eureka endpoints via configuration
2026-04-28 21:47:43.352 [AsyncResolver-bootstrap-executor-0] INFO  c.n.d.s.r.aws.ConfigClusterResolver - Resolving eureka endpoints via configuration
2026-04-28 21:52:43.356 [AsyncResolver-bootstrap-executor-0] INFO  c.n.d.s.r.aws.ConfigClusterResolver - Resolving eureka endpoints via configuration
2026-04-28 21:57:43.358 [AsyncResolver-bootstrap-executor-0] INFO  c.n.d.s.r.aws.ConfigClusterResolver - Resolving eureka endpoints via configuration
2026-04-28 22:02:43.365 [AsyncResolver-bootstrap-executor-0] INFO  c.n.d.s.r.aws.ConfigClusterResolver - Resolving eureka endpoints via configuration
2026-04-28 22:07:43.378 [AsyncResolver-bootstrap-executor-0] INFO  c.n.d.s.r.aws.ConfigClusterResolver - Resolving eureka endpoints via configuration
2026-04-28 22:10:27.262 [SpringApplicationShutdownHook] INFO  o.s.c.n.e.s.EurekaServiceRegistry - Unregistering application ADMIN-SERVICE with eureka with status DOWN
2026-04-28 22:10:27.263 [SpringApplicationShutdownHook] INFO  c.netflix.discovery.DiscoveryClient - Saw local status change event StatusChangeEvent [timestamp=1777439427263, current=DOWN, previous=UP]
2026-04-28 22:10:27.264 [DiscoveryClient-InstanceInfoReplicator-0] INFO  c.netflix.discovery.DiscoveryClient - DiscoveryClient_ADMIN-SERVICE/host.docker.internal:admin-service:8082: registering service...
2026-04-28 22:10:27.289 [DiscoveryClient-InstanceInfoReplicator-0] INFO  c.netflix.discovery.DiscoveryClient - DiscoveryClient_ADMIN-SERVICE/host.docker.internal:admin-service:8082 - registration status: 204
2026-04-28 22:10:27.411 [SpringApplicationShutdownHook] INFO  o.s.o.j.LocalContainerEntityManagerFactoryBean - Closing JPA EntityManagerFactory for persistence unit 'default'
2026-04-28 22:10:27.432 [SpringApplicationShutdownHook] INFO  com.zaxxer.hikari.HikariDataSource - HikariPool-1 - Shutdown initiated...
2026-04-28 22:10:27.437 [SpringApplicationShutdownHook] INFO  com.zaxxer.hikari.HikariDataSource - HikariPool-1 - Shutdown completed.
2026-04-28 22:10:27.439 [SpringApplicationShutdownHook] INFO  c.netflix.discovery.DiscoveryClient - Shutting down DiscoveryClient ...
2026-04-28 22:10:30.459 [SpringApplicationShutdownHook] INFO  c.netflix.discovery.DiscoveryClient - Unregistering ...
2026-04-28 22:10:30.469 [SpringApplicationShutdownHook] INFO  c.netflix.discovery.DiscoveryClient - DiscoveryClient_ADMIN-SERVICE/host.docker.internal:admin-service:8082 - deregister  status: 200
2026-04-28 22:10:30.477 [SpringApplicationShutdownHook] INFO  c.netflix.discovery.DiscoveryClient - Completed shut down of DiscoveryClient
